running egg_info
writing ../../build/turtlebot3_sim/turtlebot3_sim.egg-info/PKG-INFO
writing dependency_links to ../../build/turtlebot3_sim/turtlebot3_sim.egg-info/dependency_links.txt
writing entry points to ../../build/turtlebot3_sim/turtlebot3_sim.egg-info/entry_points.txt
writing requirements to ../../build/turtlebot3_sim/turtlebot3_sim.egg-info/requires.txt
writing top-level names to ../../build/turtlebot3_sim/turtlebot3_sim.egg-info/top_level.txt
reading manifest file '../../build/turtlebot3_sim/turtlebot3_sim.egg-info/SOURCES.txt'
writing manifest file '../../build/turtlebot3_sim/turtlebot3_sim.egg-info/SOURCES.txt'
running build
running build_py
running install
running install_lib
running install_data
copying launch/sim.launch.py -> /home/sostika/my_py/install/turtlebot3_sim/share/turtlebot3_sim/launch
running install_egg_info
removing '/home/sostika/my_py/install/turtlebot3_sim/lib/python3.12/site-packages/turtlebot3_sim-0.0.0-py3.12.egg-info' (and everything under it)
Copying ../../build/turtlebot3_sim/turtlebot3_sim.egg-info to /home/sostika/my_py/install/turtlebot3_sim/lib/python3.12/site-packages/turtlebot3_sim-0.0.0-py3.12.egg-info
running install_scripts
Installing sim_node script to /home/sostika/my_py/install/turtlebot3_sim/lib/turtlebot3_sim
writing list of installed files to '/home/sostika/my_py/build/turtlebot3_sim/install.log'
