[0.556s] Invoking command in '/home/sostika/my_py/src/turtlebot3_sim': DEBUGINFOD_URLS=https://debuginfod.ubuntu.com PYTHONPATH=/home/sostika/my_py/build/turtlebot3_sim/prefix_override:/usr/lib/python3/dist-packages/colcon_core/task/python/colcon_distutils_commands:/home/sostika/my_py/install/turtlebot3_sim/lib/python3.12/site-packages:${PYTHONPATH} /usr/bin/python3 -W ignore:setup.py install is deprecated -W ignore:easy_install command is deprecated setup.py egg_info --egg-base ../../build/turtlebot3_sim build --build-base /home/sostika/my_py/build/turtlebot3_sim/build install --record /home/sostika/my_py/build/turtlebot3_sim/install.log --single-version-externally-managed install_data
[0.727s] running egg_info
[0.740s] writing ../../build/turtlebot3_sim/turtlebot3_sim.egg-info/PKG-INFO
[0.740s] writing dependency_links to ../../build/turtlebot3_sim/turtlebot3_sim.egg-info/dependency_links.txt
[0.740s] writing entry points to ../../build/turtlebot3_sim/turtlebot3_sim.egg-info/entry_points.txt
[0.740s] writing requirements to ../../build/turtlebot3_sim/turtlebot3_sim.egg-info/requires.txt
[0.740s] writing top-level names to ../../build/turtlebot3_sim/turtlebot3_sim.egg-info/top_level.txt
[0.765s] reading manifest file '../../build/turtlebot3_sim/turtlebot3_sim.egg-info/SOURCES.txt'
[0.766s] writing manifest file '../../build/turtlebot3_sim/turtlebot3_sim.egg-info/SOURCES.txt'
[0.766s] running build
[0.766s] running build_py
[0.766s] copying turtlebot3_sim/sim_node.py -> /home/sostika/my_py/build/turtlebot3_sim/build/lib/turtlebot3_sim
[0.766s] running install
[0.771s] running install_lib
[0.785s] copying /home/sostika/my_py/build/turtlebot3_sim/build/lib/turtlebot3_sim/sim_node.py -> /home/sostika/my_py/install/turtlebot3_sim/lib/python3.12/site-packages/turtlebot3_sim
[0.785s] byte-compiling /home/sostika/my_py/install/turtlebot3_sim/lib/python3.12/site-packages/turtlebot3_sim/sim_node.py to sim_node.cpython-312.pyc
[0.786s] running install_data
[0.786s] running install_egg_info
[0.799s] removing '/home/sostika/my_py/install/turtlebot3_sim/lib/python3.12/site-packages/turtlebot3_sim-0.0.0-py3.12.egg-info' (and everything under it)
[0.799s] Copying ../../build/turtlebot3_sim/turtlebot3_sim.egg-info to /home/sostika/my_py/install/turtlebot3_sim/lib/python3.12/site-packages/turtlebot3_sim-0.0.0-py3.12.egg-info
[0.800s] running install_scripts
[0.883s] Installing sim_node script to /home/sostika/my_py/install/turtlebot3_sim/lib/turtlebot3_sim
[0.883s] writing list of installed files to '/home/sostika/my_py/build/turtlebot3_sim/install.log'
[0.903s] Invoked command in '/home/sostika/my_py/src/turtlebot3_sim' returned '0': DEBUGINFOD_URLS=https://debuginfod.ubuntu.com PYTHONPATH=/home/sostika/my_py/build/turtlebot3_sim/prefix_override:/usr/lib/python3/dist-packages/colcon_core/task/python/colcon_distutils_commands:/home/sostika/my_py/install/turtlebot3_sim/lib/python3.12/site-packages:${PYTHONPATH} /usr/bin/python3 -W ignore:setup.py install is deprecated -W ignore:easy_install command is deprecated setup.py egg_info --egg-base ../../build/turtlebot3_sim build --build-base /home/sostika/my_py/build/turtlebot3_sim/build install --record /home/sostika/my_py/build/turtlebot3_sim/install.log --single-version-externally-managed install_data
