/home/sostika/my_py/install/turtlebot3_sim/lib/python3.12/site-packages/turtlebot3_sim/turtlebot_env.py
/home/sostika/my_py/install/turtlebot3_sim/lib/python3.12/site-packages/turtlebot3_sim/sim_node.py
/home/sostika/my_py/install/turtlebot3_sim/lib/python3.12/site-packages/turtlebot3_sim/pybullet_world.py
/home/sostika/my_py/install/turtlebot3_sim/lib/python3.12/site-packages/turtlebot3_sim/__init__.py
/home/sostika/my_py/install/turtlebot3_sim/lib/python3.12/site-packages/turtlebot3_sim/test_env.py
/home/sostika/my_py/install/turtlebot3_sim/lib/python3.12/site-packages/turtlebot3_sim/test.py
/home/sostika/my_py/install/turtlebot3_sim/lib/python3.12/site-packages/turtlebot3_sim/__pycache__/turtlebot_env.cpython-312.pyc
/home/sostika/my_py/install/turtlebot3_sim/lib/python3.12/site-packages/turtlebot3_sim/__pycache__/sim_node.cpython-312.pyc
/home/sostika/my_py/install/turtlebot3_sim/lib/python3.12/site-packages/turtlebot3_sim/__pycache__/pybullet_world.cpython-312.pyc
/home/sostika/my_py/install/turtlebot3_sim/lib/python3.12/site-packages/turtlebot3_sim/__pycache__/__init__.cpython-312.pyc
/home/sostika/my_py/install/turtlebot3_sim/lib/python3.12/site-packages/turtlebot3_sim/__pycache__/test_env.cpython-312.pyc
/home/sostika/my_py/install/turtlebot3_sim/lib/python3.12/site-packages/turtlebot3_sim/__pycache__/test.cpython-312.pyc
/home/sostika/my_py/install/turtlebot3_sim/share/ament_index/resource_index/packages/turtlebot3_sim
/home/sostika/my_py/install/turtlebot3_sim/share/turtlebot3_sim/package.xml
/home/sostika/my_py/install/turtlebot3_sim/share/turtlebot3_sim/launch/sim.launch.py
/home/sostika/my_py/install/turtlebot3_sim/lib/python3.12/site-packages/turtlebot3_sim-0.0.0-py3.12.egg-info/dependency_links.txt
/home/sostika/my_py/install/turtlebot3_sim/lib/python3.12/site-packages/turtlebot3_sim-0.0.0-py3.12.egg-info/requires.txt
/home/sostika/my_py/install/turtlebot3_sim/lib/python3.12/site-packages/turtlebot3_sim-0.0.0-py3.12.egg-info/SOURCES.txt
/home/sostika/my_py/install/turtlebot3_sim/lib/python3.12/site-packages/turtlebot3_sim-0.0.0-py3.12.egg-info/entry_points.txt
/home/sostika/my_py/install/turtlebot3_sim/lib/python3.12/site-packages/turtlebot3_sim-0.0.0-py3.12.egg-info/zip-safe
/home/sostika/my_py/install/turtlebot3_sim/lib/python3.12/site-packages/turtlebot3_sim-0.0.0-py3.12.egg-info/PKG-INFO
/home/sostika/my_py/install/turtlebot3_sim/lib/python3.12/site-packages/turtlebot3_sim-0.0.0-py3.12.egg-info/top_level.txt
/home/sostika/my_py/install/turtlebot3_sim/lib/turtlebot3_sim/sim_node
