[0.670s] Invoking command in '/home/sostika/my_py/src/turtlebot3_sim': DEBUGINFOD_URLS=https://debuginfod.ubuntu.com PYTHONPATH=/home/sostika/my_py/build/turtlebot3_sim/prefix_override:/usr/lib/python3/dist-packages/colcon_core/task/python/colcon_distutils_commands:/home/sostika/my_py/install/turtlebot3_sim/lib/python3.12/site-packages:${PYTHONPATH} /usr/bin/python3 -W ignore:setup.py install is deprecated -W ignore:easy_install command is deprecated setup.py egg_info --egg-base ../../build/turtlebot3_sim build --build-base /home/sostika/my_py/build/turtlebot3_sim/build install --record /home/sostika/my_py/build/turtlebot3_sim/install.log --single-version-externally-managed install_data
[0.843s] running egg_info
[0.844s] creating ../../build/turtlebot3_sim/turtlebot3_sim.egg-info
[0.857s] writing ../../build/turtlebot3_sim/turtlebot3_sim.egg-info/PKG-INFO
[0.857s] writing dependency_links to ../../build/turtlebot3_sim/turtlebot3_sim.egg-info/dependency_links.txt
[0.857s] writing entry points to ../../build/turtlebot3_sim/turtlebot3_sim.egg-info/entry_points.txt
[0.857s] writing requirements to ../../build/turtlebot3_sim/turtlebot3_sim.egg-info/requires.txt
[0.857s] writing top-level names to ../../build/turtlebot3_sim/turtlebot3_sim.egg-info/top_level.txt
[0.857s] writing manifest file '../../build/turtlebot3_sim/turtlebot3_sim.egg-info/SOURCES.txt'
[0.881s] reading manifest file '../../build/turtlebot3_sim/turtlebot3_sim.egg-info/SOURCES.txt'
[0.881s] writing manifest file '../../build/turtlebot3_sim/turtlebot3_sim.egg-info/SOURCES.txt'
[0.881s] running build
[0.881s] running build_py
[0.882s] creating /home/sostika/my_py/build/turtlebot3_sim/build
[0.882s] creating /home/sostika/my_py/build/turtlebot3_sim/build/lib
[0.882s] creating /home/sostika/my_py/build/turtlebot3_sim/build/lib/turtlebot3_sim
[0.882s] copying turtlebot3_sim/sim_node.py -> /home/sostika/my_py/build/turtlebot3_sim/build/lib/turtlebot3_sim
[0.882s] copying turtlebot3_sim/pybullet_world.py -> /home/sostika/my_py/build/turtlebot3_sim/build/lib/turtlebot3_sim
[0.882s] copying turtlebot3_sim/__init__.py -> /home/sostika/my_py/build/turtlebot3_sim/build/lib/turtlebot3_sim
[0.882s] running install
[0.886s] running install_lib
[0.898s] creating /home/sostika/my_py/install/turtlebot3_sim/lib/python3.12/site-packages/turtlebot3_sim
[0.898s] copying /home/sostika/my_py/build/turtlebot3_sim/build/lib/turtlebot3_sim/sim_node.py -> /home/sostika/my_py/install/turtlebot3_sim/lib/python3.12/site-packages/turtlebot3_sim
[0.898s] copying /home/sostika/my_py/build/turtlebot3_sim/build/lib/turtlebot3_sim/pybullet_world.py -> /home/sostika/my_py/install/turtlebot3_sim/lib/python3.12/site-packages/turtlebot3_sim
[0.898s] copying /home/sostika/my_py/build/turtlebot3_sim/build/lib/turtlebot3_sim/__init__.py -> /home/sostika/my_py/install/turtlebot3_sim/lib/python3.12/site-packages/turtlebot3_sim
[0.898s] byte-compiling /home/sostika/my_py/install/turtlebot3_sim/lib/python3.12/site-packages/turtlebot3_sim/sim_node.py to sim_node.cpython-312.pyc
[0.899s] byte-compiling /home/sostika/my_py/install/turtlebot3_sim/lib/python3.12/site-packages/turtlebot3_sim/pybullet_world.py to pybullet_world.cpython-312.pyc
[0.899s] byte-compiling /home/sostika/my_py/install/turtlebot3_sim/lib/python3.12/site-packages/turtlebot3_sim/__init__.py to __init__.cpython-312.pyc
[0.899s] running install_data
[0.899s] creating /home/sostika/my_py/install/turtlebot3_sim/share/ament_index
[0.899s] creating /home/sostika/my_py/install/turtlebot3_sim/share/ament_index/resource_index
[0.899s] creating /home/sostika/my_py/install/turtlebot3_sim/share/ament_index/resource_index/packages
[0.899s] copying resource/turtlebot3_sim -> /home/sostika/my_py/install/turtlebot3_sim/share/ament_index/resource_index/packages
[0.899s] copying package.xml -> /home/sostika/my_py/install/turtlebot3_sim/share/turtlebot3_sim
[0.900s] running install_egg_info
[0.914s] Copying ../../build/turtlebot3_sim/turtlebot3_sim.egg-info to /home/sostika/my_py/install/turtlebot3_sim/lib/python3.12/site-packages/turtlebot3_sim-0.0.0-py3.12.egg-info
[0.915s] running install_scripts
[0.998s] Installing sim_node script to /home/sostika/my_py/install/turtlebot3_sim/lib/turtlebot3_sim
[0.999s] writing list of installed files to '/home/sostika/my_py/build/turtlebot3_sim/install.log'
[1.024s] Invoked command in '/home/sostika/my_py/src/turtlebot3_sim' returned '0': DEBUGINFOD_URLS=https://debuginfod.ubuntu.com PYTHONPATH=/home/sostika/my_py/build/turtlebot3_sim/prefix_override:/usr/lib/python3/dist-packages/colcon_core/task/python/colcon_distutils_commands:/home/sostika/my_py/install/turtlebot3_sim/lib/python3.12/site-packages:${PYTHONPATH} /usr/bin/python3 -W ignore:setup.py install is deprecated -W ignore:easy_install command is deprecated setup.py egg_info --egg-base ../../build/turtlebot3_sim build --build-base /home/sostika/my_py/build/turtlebot3_sim/build install --record /home/sostika/my_py/build/turtlebot3_sim/install.log --single-version-externally-managed install_data
