running egg_info
writing ../../build/turtlebot3_sim/turtlebot3_sim.egg-info/PKG-INFO
writing dependency_links to ../../build/turtlebot3_sim/turtlebot3_sim.egg-info/dependency_links.txt
writing entry points to ../../build/turtlebot3_sim/turtlebot3_sim.egg-info/entry_points.txt
writing requirements to ../../build/turtlebot3_sim/turtlebot3_sim.egg-info/requires.txt
writing top-level names to ../../build/turtlebot3_sim/turtlebot3_sim.egg-info/top_level.txt
reading manifest file '../../build/turtlebot3_sim/turtlebot3_sim.egg-info/SOURCES.txt'
writing manifest file '../../build/turtlebot3_sim/turtlebot3_sim.egg-info/SOURCES.txt'
running build
running build_py
copying turtlebot3_sim/sim_node.py -> /home/sostika/my_py/build/turtlebot3_sim/build/lib/turtlebot3_sim
running install
running install_lib
copying /home/sostika/my_py/build/turtlebot3_sim/build/lib/turtlebot3_sim/sim_node.py -> /home/sostika/my_py/install/turtlebot3_sim/lib/python3.12/site-packages/turtlebot3_sim
byte-compiling /home/sostika/my_py/install/turtlebot3_sim/lib/python3.12/site-packages/turtlebot3_sim/sim_node.py to sim_node.cpython-312.pyc
running install_data
running install_egg_info
removing '/home/sostika/my_py/install/turtlebot3_sim/lib/python3.12/site-packages/turtlebot3_sim-0.0.0-py3.12.egg-info' (and everything under it)
Copying ../../build/turtlebot3_sim/turtlebot3_sim.egg-info to /home/sostika/my_py/install/turtlebot3_sim/lib/python3.12/site-packages/turtlebot3_sim-0.0.0-py3.12.egg-info
running install_scripts
Installing sim_node script to /home/sostika/my_py/install/turtlebot3_sim/lib/turtlebot3_sim
writing list of installed files to '/home/sostika/my_py/build/turtlebot3_sim/install.log'
