[0.570s] Invoking command in '/home/sostika/my_py/src/turtlebot3_sim': DEBUGINFOD_URLS=https://debuginfod.ubuntu.com PYTHONPATH=/home/sostika/my_py/build/turtlebot3_sim/prefix_override:/usr/lib/python3/dist-packages/colcon_core/task/python/colcon_distutils_commands:/home/sostika/my_py/install/turtlebot3_sim/lib/python3.12/site-packages:${PYTHONPATH} /usr/bin/python3 -W ignore:setup.py install is deprecated -W ignore:easy_install command is deprecated setup.py egg_info --egg-base ../../build/turtlebot3_sim build --build-base /home/sostika/my_py/build/turtlebot3_sim/build install --record /home/sostika/my_py/build/turtlebot3_sim/install.log --single-version-externally-managed install_data
[0.757s] running egg_info
[0.771s] writing ../../build/turtlebot3_sim/turtlebot3_sim.egg-info/PKG-INFO
[0.771s] writing dependency_links to ../../build/turtlebot3_sim/turtlebot3_sim.egg-info/dependency_links.txt
[0.771s] writing entry points to ../../build/turtlebot3_sim/turtlebot3_sim.egg-info/entry_points.txt
[0.771s] writing requirements to ../../build/turtlebot3_sim/turtlebot3_sim.egg-info/requires.txt
[0.771s] writing top-level names to ../../build/turtlebot3_sim/turtlebot3_sim.egg-info/top_level.txt
[0.798s] reading manifest file '../../build/turtlebot3_sim/turtlebot3_sim.egg-info/SOURCES.txt'
[0.798s] writing manifest file '../../build/turtlebot3_sim/turtlebot3_sim.egg-info/SOURCES.txt'
[0.798s] running build
[0.798s] running build_py
[0.798s] copying turtlebot3_sim/sim_node.py -> /home/sostika/my_py/build/turtlebot3_sim/build/lib/turtlebot3_sim
[0.798s] running install
[0.803s] running install_lib
[0.819s] copying /home/sostika/my_py/build/turtlebot3_sim/build/lib/turtlebot3_sim/sim_node.py -> /home/sostika/my_py/install/turtlebot3_sim/lib/python3.12/site-packages/turtlebot3_sim
[0.819s] byte-compiling /home/sostika/my_py/install/turtlebot3_sim/lib/python3.12/site-packages/turtlebot3_sim/sim_node.py to sim_node.cpython-312.pyc
[0.820s] Sorry: IndentationError: unexpected indent (sim_node.py, line 105)
[0.820s] running install_data
[0.820s] running install_egg_info
[0.834s] removing '/home/sostika/my_py/install/turtlebot3_sim/lib/python3.12/site-packages/turtlebot3_sim-0.0.0-py3.12.egg-info' (and everything under it)
[0.834s] Copying ../../build/turtlebot3_sim/turtlebot3_sim.egg-info to /home/sostika/my_py/install/turtlebot3_sim/lib/python3.12/site-packages/turtlebot3_sim-0.0.0-py3.12.egg-info
[0.835s] running install_scripts
[0.929s] Installing sim_node script to /home/sostika/my_py/install/turtlebot3_sim/lib/turtlebot3_sim
[0.929s] writing list of installed files to '/home/sostika/my_py/build/turtlebot3_sim/install.log'
[0.950s] Invoked command in '/home/sostika/my_py/src/turtlebot3_sim' returned '0': DEBUGINFOD_URLS=https://debuginfod.ubuntu.com PYTHONPATH=/home/sostika/my_py/build/turtlebot3_sim/prefix_override:/usr/lib/python3/dist-packages/colcon_core/task/python/colcon_distutils_commands:/home/sostika/my_py/install/turtlebot3_sim/lib/python3.12/site-packages:${PYTHONPATH} /usr/bin/python3 -W ignore:setup.py install is deprecated -W ignore:easy_install command is deprecated setup.py egg_info --egg-base ../../build/turtlebot3_sim build --build-base /home/sostika/my_py/build/turtlebot3_sim/build install --record /home/sostika/my_py/build/turtlebot3_sim/install.log --single-version-externally-managed install_data
